# JRE version: OpenJDK Runtime Environment Temurin-21.0.7+6 (21.0.7+6) (build 21.0.7+6-LTS)
# Java VM: OpenJDK 64-Bit Server VM Temurin-21.0.7+6 (21.0.7+6-LTS, mixed mode, sharing, tiered, compressed oops, compressed class ptrs, parallel gc, windows-amd64)
GC Precious Log:
 CardTable entry size: 512
 CPUs: 12 total, 12 available
 Memory: 7597M
 Large Page Support: Disabled
 NUMA Support: Disabled
 Compressed Oops: Enabled (32-bit)
 Alignments: Space 512K, Generation 512K, Heap 2M
 Heap Min Capacity: 100M
 Heap Initial Capacity: 100M
 Heap Max Capacity: 1G
 Pre-touch: Disabled
 Parallel Workers: 10
Heap:
 PSYoungGen      total 21504K, used 13193K [0x00000000eab00000, 0x00000000ec180000, 0x0000000100000000)
  eden space 20992K, 61% used [0x00000000eab00000,0x00000000eb7826e0,0x00000000ebf80000)
  from space 512K, 75% used [0x00000000ec100000,0x00000000ec160000,0x00000000ec180000)
  to   space 512K, 0% used [0x00000000ebf80000,0x00000000ebf80000,0x00000000ec000000)
 ParOldGen       total 68608K, used 48451K [0x00000000c0000000, 0x00000000c4300000, 0x00000000eab00000)
  object space 68608K, 70% used [0x00000000c0000000,0x00000000c2f50f58,0x00000000c4300000)
 Metaspace       used 70037K, committed 71488K, reserved 1114112K
  class space    used 8613K, committed 9280K, reserved 1048576K
GC Heap History (20 events):
Event: 180.409 GC heap before
{Heap before GC invocations=116 (full 3):
 PSYoungGen      total 21504K, used 21184K [0x00000000eab00000, 0x00000000ec180000, 0x0000000100000000)
  eden space 20992K, 100% used [0x00000000eab00000,0x00000000ebf80000,0x00000000ebf80000)
  from space 512K, 37% used [0x00000000ec100000,0x00000000ec130000,0x00000000ec180000)
  to   space 512K, 0% used [0x00000000ebf80000,0x00000000ebf80000,0x00000000ec000000)
 ParOldGen       total 68608K, used 48195K [0x00000000c0000000, 0x00000000c4300000, 0x00000000eab00000)
  object space 68608K, 70% used [0x00000000c0000000,0x00000000c2f10f58,0x00000000c4300000)
 Metaspace       used 68363K, committed 69760K, reserved 1114112K
  class space    used 8401K, committed 9024K, reserved 1048576K
}
Event: 180.410 GC heap after
{Heap after GC invocations=116 (full 3):
 PSYoungGen      total 21504K, used 160K [0x00000000eab00000, 0x00000000ec180000, 0x0000000100000000)
  eden space 20992K, 0% used [0x00000000eab00000,0x00000000eab00000,0x00000000ebf80000)
  from space 512K, 31% used [0x00000000ebf80000,0x00000000ebfa8000,0x00000000ec000000)
  to   space 512K, 0% used [0x00000000ec100000,0x00000000ec100000,0x00000000ec180000)
 ParOldGen       total 68608K, used 48219K [0x00000000c0000000, 0x00000000c4300000, 0x00000000eab00000)
  object space 68608K, 70% used [0x00000000c0000000,0x00000000c2f16f58,0x00000000c4300000)
 Metaspace       used 68363K, committed 69760K, reserved 1114112K
  class space    used 8401K, committed 9024K, reserved 1048576K
}
Event: 180.509 GC heap before
{Heap before GC invocations=117 (full 3):
 PSYoungGen      total 21504K, used 21152K [0x00000000eab00000, 0x00000000ec180000, 0x0000000100000000)
  eden space 20992K, 100% used [0x00000000eab00000,0x00000000ebf80000,0x00000000ebf80000)
  from space 512K, 31% used [0x00000000ebf80000,0x00000000ebfa8000,0x00000000ec000000)
  to   space 512K, 0% used [0x00000000ec100000,0x00000000ec100000,0x00000000ec180000)
 ParOldGen       total 68608K, used 48219K [0x00000000c0000000, 0x00000000c4300000, 0x00000000eab00000)
  object space 68608K, 70% used [0x00000000c0000000,0x00000000c2f16f58,0x00000000c4300000)
 Metaspace       used 68363K, committed 69760K, reserved 1114112K
  class space    used 8401K, committed 9024K, reserved 1048576K
}
Event: 180.510 GC heap after
{Heap after GC invocations=117 (full 3):
 PSYoungGen      total 21504K, used 96K [0x00000000eab00000, 0x00000000ec180000, 0x0000000100000000)
  eden space 20992K, 0% used [0x00000000eab00000,0x00000000eab00000,0x00000000ebf80000)
  from space 512K, 18% used [0x00000000ec100000,0x00000000ec118000,0x00000000ec180000)
  to   space 512K, 0% used [0x00000000ebf80000,0x00000000ebf80000,0x00000000ec000000)
 ParOldGen       total 68608K, used 48259K [0x00000000c0000000, 0x00000000c4300000, 0x00000000eab00000)
  object space 68608K, 70% used [0x00000000c0000000,0x00000000c2f20f58,0x00000000c4300000)
 Metaspace       used 68363K, committed 69760K, reserved 1114112K
  class space    used 8401K, committed 9024K, reserved 1048576K
}
Event: 180.616 GC heap before
{Heap before GC invocations=118 (full 3):
 PSYoungGen      total 21504K, used 21088K [0x00000000eab00000, 0x00000000ec180000, 0x0000000100000000)
  eden space 20992K, 100% used [0x00000000eab00000,0x00000000ebf80000,0x00000000ebf80000)
  from space 512K, 18% used [0x00000000ec100000,0x00000000ec118000,0x00000000ec180000)
  to   space 512K, 0% used [0x00000000ebf80000,0x00000000ebf80000,0x00000000ec000000)
 ParOldGen       total 68608K, used 48259K [0x00000000c0000000, 0x00000000c4300000, 0x00000000eab00000)
  object space 68608K, 70% used [0x00000000c0000000,0x00000000c2f20f58,0x00000000c4300000)
 Metaspace       used 68372K, committed 69824K, reserved 1114112K
  class space    used 8401K, committed 9024K, reserved 1048576K
}
Event: 180.617 GC heap after
{Heap after GC invocations=118 (full 3):
 PSYoungGen      total 21504K, used 256K [0x00000000eab00000, 0x00000000ec180000, 0x0000000100000000)
  eden space 20992K, 0% used [0x00000000eab00000,0x00000000eab00000,0x00000000ebf80000)
  from space 512K, 50% used [0x00000000ebf80000,0x00000000ebfc0000,0x00000000ec000000)
  to   space 512K, 0% used [0x00000000ec100000,0x00000000ec100000,0x00000000ec180000)
 ParOldGen       total 68608K, used 48299K [0x00000000c0000000, 0x00000000c4300000, 0x00000000eab00000)
  object space 68608K, 70% used [0x00000000c0000000,0x00000000c2f2af58,0x00000000c4300000)
 Metaspace       used 68372K, committed 69824K, reserved 1114112K
  class space    used 8401K, committed 9024K, reserved 1048576K
}
Event: 180.760 GC heap before
{Heap before GC invocations=119 (full 3):
 PSYoungGen      total 21504K, used 21248K [0x00000000eab00000, 0x00000000ec180000, 0x0000000100000000)
  eden space 20992K, 100% used [0x00000000eab00000,0x00000000ebf80000,0x00000000ebf80000)
  from space 512K, 50% used [0x00000000ebf80000,0x00000000ebfc0000,0x00000000ec000000)
  to   space 512K, 0% used [0x00000000ec100000,0x00000000ec100000,0x00000000ec180000)
 ParOldGen       total 68608K, used 48299K [0x00000000c0000000, 0x00000000c4300000, 0x00000000eab00000)
  object space 68608K, 70% used [0x00000000c0000000,0x00000000c2f2af58,0x00000000c4300000)
 Metaspace       used 68373K, committed 69824K, reserved 1114112K
  class space    used 8401K, committed 9024K, reserved 1048576K
}
Event: 180.761 GC heap after
{Heap after GC invocations=119 (full 3):
 PSYoungGen      total 21504K, used 192K [0x00000000eab00000, 0x00000000ec180000, 0x0000000100000000)
  eden space 20992K, 0% used [0x00000000eab00000,0x00000000eab00000,0x00000000ebf80000)
  from space 512K, 37% used [0x00000000ec100000,0x00000000ec130000,0x00000000ec180000)
  to   space 512K, 0% used [0x00000000ebf80000,0x00000000ebf80000,0x00000000ec000000)
 ParOldGen       total 68608K, used 48323K [0x00000000c0000000, 0x00000000c4300000, 0x00000000eab00000)
  object space 68608K, 70% used [0x00000000c0000000,0x00000000c2f30f58,0x00000000c4300000)
 Metaspace       used 68373K, committed 69824K, reserved 1114112K
  class space    used 8401K, committed 9024K, reserved 1048576K
}
Event: 180.865 GC heap before
{Heap before GC invocations=120 (full 3):
 PSYoungGen      total 21504K, used 21184K [0x00000000eab00000, 0x00000000ec180000, 0x0000000100000000)
  eden space 20992K, 100% used [0x00000000eab00000,0x00000000ebf80000,0x00000000ebf80000)
  from space 512K, 37% used [0x00000000ec100000,0x00000000ec130000,0x00000000ec180000)
  to   space 512K, 0% used [0x00000000ebf80000,0x00000000ebf80000,0x00000000ec000000)
 ParOldGen       total 68608K, used 48323K [0x00000000c0000000, 0x00000000c4300000, 0x00000000eab00000)
  object space 68608K, 70% used [0x00000000c0000000,0x00000000c2f30f58,0x00000000c4300000)
 Metaspace       used 68373K, committed 69824K, reserved 1114112K
  class space    used 8401K, committed 9024K, reserved 1048576K
}
Event: 180.866 GC heap after
{Heap after GC invocations=120 (full 3):
 PSYoungGen      total 21504K, used 160K [0x00000000eab00000, 0x00000000ec180000, 0x0000000100000000)
  eden space 20992K, 0% used [0x00000000eab00000,0x00000000eab00000,0x00000000ebf80000)
  from space 512K, 31% used [0x00000000ebf80000,0x00000000ebfa8000,0x00000000ec000000)
  to   space 512K, 0% used [0x00000000ec100000,0x00000000ec100000,0x00000000ec180000)
 ParOldGen       total 68608K, used 48355K [0x00000000c0000000, 0x00000000c4300000, 0x00000000eab00000)
  object space 68608K, 70% used [0x00000000c0000000,0x00000000c2f38f58,0x00000000c4300000)
 Metaspace       used 68373K, committed 69824K, reserved 1114112K
  class space    used 8401K, committed 9024K, reserved 1048576K
}
Event: 180.983 GC heap before
{Heap before GC invocations=121 (full 3):
 PSYoungGen      total 21504K, used 21152K [0x00000000eab00000, 0x00000000ec180000, 0x0000000100000000)
  eden space 20992K, 100% used [0x00000000eab00000,0x00000000ebf80000,0x00000000ebf80000)
  from space 512K, 31% used [0x00000000ebf80000,0x00000000ebfa8000,0x00000000ec000000)
  to   space 512K, 0% used [0x00000000ec100000,0x00000000ec100000,0x00000000ec180000)
 ParOldGen       total 68608K, used 48355K [0x00000000c0000000, 0x00000000c4300000, 0x00000000eab00000)
  object space 68608K, 70% used [0x00000000c0000000,0x00000000c2f38f58,0x00000000c4300000)
 Metaspace       used 68373K, committed 69824K, reserved 1114112K
  class space    used 8401K, committed 9024K, reserved 1048576K
}
Event: 180.987 GC heap after
{Heap after GC invocations=121 (full 3):
 PSYoungGen      total 21504K, used 128K [0x00000000eab00000, 0x00000000ec180000, 0x0000000100000000)
  eden space 20992K, 0% used [0x00000000eab00000,0x00000000eab00000,0x00000000ebf80000)
  from space 512K, 25% used [0x00000000ec100000,0x00000000ec120000,0x00000000ec180000)
  to   space 512K, 0% used [0x00000000ebf80000,0x00000000ebf80000,0x00000000ec000000)
 ParOldGen       total 68608K, used 48371K [0x00000000c0000000, 0x00000000c4300000, 0x00000000eab00000)
  object space 68608K, 70% used [0x00000000c0000000,0x00000000c2f3cf58,0x00000000c4300000)
 Metaspace       used 68373K, committed 69824K, reserved 1114112K
  class space    used 8401K, committed 9024K, reserved 1048576K
}
Event: 181.113 GC heap before
{Heap before GC invocations=122 (full 3):
 PSYoungGen      total 21504K, used 21120K [0x00000000eab00000, 0x00000000ec180000, 0x0000000100000000)
  eden space 20992K, 100% used [0x00000000eab00000,0x00000000ebf80000,0x00000000ebf80000)
  from space 512K, 25% used [0x00000000ec100000,0x00000000ec120000,0x00000000ec180000)
  to   space 512K, 0% used [0x00000000ebf80000,0x00000000ebf80000,0x00000000ec000000)
 ParOldGen       total 68608K, used 48371K [0x00000000c0000000, 0x00000000c4300000, 0x00000000eab00000)
  object space 68608K, 70% used [0x00000000c0000000,0x00000000c2f3cf58,0x00000000c4300000)
 Metaspace       used 68373K, committed 69824K, reserved 1114112K
  class space    used 8401K, committed 9024K, reserved 1048576K
}
Event: 181.114 GC heap after
{Heap after GC invocations=122 (full 3):
 PSYoungGen      total 21504K, used 192K [0x00000000eab00000, 0x00000000ec180000, 0x0000000100000000)
  eden space 20992K, 0% used [0x00000000eab00000,0x00000000eab00000,0x00000000ebf80000)
  from space 512K, 37% used [0x00000000ebf80000,0x00000000ebfb0000,0x00000000ec000000)
  to   space 512K, 0% used [0x00000000ec100000,0x00000000ec100000,0x00000000ec180000)
 ParOldGen       total 68608K, used 48403K [0x00000000c0000000, 0x00000000c4300000, 0x00000000eab00000)
  object space 68608K, 70% used [0x00000000c0000000,0x00000000c2f44f58,0x00000000c4300000)
 Metaspace       used 68373K, committed 69824K, reserved 1114112K
  class space    used 8401K, committed 9024K, reserved 1048576K
}
Event: 181.210 GC heap before
{Heap before GC invocations=123 (full 3):
 PSYoungGen      total 21504K, used 21184K [0x00000000eab00000, 0x00000000ec180000, 0x0000000100000000)
  eden space 20992K, 100% used [0x00000000eab00000,0x00000000ebf80000,0x00000000ebf80000)
  from space 512K, 37% used [0x00000000ebf80000,0x00000000ebfb0000,0x00000000ec000000)
  to   space 512K, 0% used [0x00000000ec100000,0x00000000ec100000,0x00000000ec180000)
 ParOldGen       total 68608K, used 48403K [0x00000000c0000000, 0x00000000c4300000, 0x00000000eab00000)
  object space 68608K, 70% used [0x00000000c0000000,0x00000000c2f44f58,0x00000000c4300000)
 Metaspace       used 68373K, committed 69824K, reserved 1114112K
  class space    used 8401K, committed 9024K, reserved 1048576K
}
Event: 181.211 GC heap after
{Heap after GC invocations=123 (full 3):
 PSYoungGen      total 21504K, used 128K [0x00000000eab00000, 0x00000000ec180000, 0x0000000100000000)
  eden space 20992K, 0% used [0x00000000eab00000,0x00000000eab00000,0x00000000ebf80000)
  from space 512K, 25% used [0x00000000ec100000,0x00000000ec120000,0x00000000ec180000)
  to   space 512K, 0% used [0x00000000ebf80000,0x00000000ebf80000,0x00000000ec000000)
 ParOldGen       total 68608K, used 48427K [0x00000000c0000000, 0x00000000c4300000, 0x00000000eab00000)
  object space 68608K, 70% used [0x00000000c0000000,0x00000000c2f4af58,0x00000000c4300000)
 Metaspace       used 68373K, committed 69824K, reserved 1114112K
  class space    used 8401K, committed 9024K, reserved 1048576K
}
Event: 181.308 GC heap before
{Heap before GC invocations=124 (full 3):
 PSYoungGen      total 21504K, used 21120K [0x00000000eab00000, 0x00000000ec180000, 0x0000000100000000)
  eden space 20992K, 100% used [0x00000000eab00000,0x00000000ebf80000,0x00000000ebf80000)
  from space 512K, 25% used [0x00000000ec100000,0x00000000ec120000,0x00000000ec180000)
  to   space 512K, 0% used [0x00000000ebf80000,0x00000000ebf80000,0x00000000ec000000)
 ParOldGen       total 68608K, used 48427K [0x00000000c0000000, 0x00000000c4300000, 0x00000000eab00000)
  object space 68608K, 70% used [0x00000000c0000000,0x00000000c2f4af58,0x00000000c4300000)
 Metaspace       used 68373K, committed 69824K, reserved 1114112K
  class space    used 8401K, committed 9024K, reserved 1048576K
}
Event: 181.309 GC heap after
{Heap after GC invocations=124 (full 3):
 PSYoungGen      total 21504K, used 192K [0x00000000eab00000, 0x00000000ec180000, 0x0000000100000000)
  eden space 20992K, 0% used [0x00000000eab00000,0x00000000eab00000,0x00000000ebf80000)
  from space 512K, 37% used [0x00000000ebf80000,0x00000000ebfb0000,0x00000000ec000000)
  to   space 512K, 0% used [0x00000000ec100000,0x00000000ec100000,0x00000000ec180000)
 ParOldGen       total 68608K, used 48443K [0x00000000c0000000, 0x00000000c4300000, 0x00000000eab00000)
  object space 68608K, 70% used [0x00000000c0000000,0x00000000c2f4ef58,0x00000000c4300000)
 Metaspace       used 68373K, committed 69824K, reserved 1114112K
  class space    used 8401K, committed 9024K, reserved 1048576K
}
Event: 182.695 GC heap before
{Heap before GC invocations=125 (full 3):
 PSYoungGen      total 21504K, used 21184K [0x00000000eab00000, 0x00000000ec180000, 0x0000000100000000)
  eden space 20992K, 100% used [0x00000000eab00000,0x00000000ebf80000,0x00000000ebf80000)
  from space 512K, 37% used [0x00000000ebf80000,0x00000000ebfb0000,0x00000000ec000000)
  to   space 512K, 0% used [0x00000000ec100000,0x00000000ec100000,0x00000000ec180000)
 ParOldGen       total 68608K, used 48443K [0x00000000c0000000, 0x00000000c4300000, 0x00000000eab00000)
  object space 68608K, 70% used [0x00000000c0000000,0x00000000c2f4ef58,0x00000000c4300000)
 Metaspace       used 68732K, committed 70208K, reserved 1114112K
  class space    used 8439K, committed 9088K, reserved 1048576K
}
Event: 182.697 GC heap after
{Heap after GC invocations=125 (full 3):
 PSYoungGen      total 21504K, used 384K [0x00000000eab00000, 0x00000000ec180000, 0x0000000100000000)
  eden space 20992K, 0% used [0x00000000eab00000,0x00000000eab00000,0x00000000ebf80000)
  from space 512K, 75% used [0x00000000ec100000,0x00000000ec160000,0x00000000ec180000)
  to   space 512K, 0% used [0x00000000ebf80000,0x00000000ebf80000,0x00000000ec000000)
 ParOldGen       total 68608K, used 48451K [0x00000000c0000000, 0x00000000c4300000, 0x00000000eab00000)
  object space 68608K, 70% used [0x00000000c0000000,0x00000000c2f50f58,0x00000000c4300000)
 Metaspace       used 68732K, committed 70208K, reserved 1114112K
  class space    used 8439K, committed 9088K, reserved 1048576K
}

